<?xml version="1.0" encoding="UTF-8"?>
<!-- Generated by org.testng.reporters.JUnitXMLReporter -->
<testsuite ignored="1" hostname="G15" failures="0" tests="2" name="Default test" time="0.037" errors="0" timestamp="2025-01-13T18:08:01 IST">
  <testcase classname="TestNGTests.Testngbasic" name="tc_one" time="0.01"/>
  <testcase classname="TestNGTests.Testngbasic" name="tc_three" time="0.001"/>
  <testcase classname="TestNGTests.Testngbasic" name="tc_two" time="0.0">
    <ignored/>
  </testcase> <!-- tc_two -->
</testsuite> <!-- Default test -->
