<?xml version="1.0" encoding="UTF-8"?>
<testng-results ignored="3" total="6" passed="3" failed="0" skipped="0">
  <reporter-output>
  </reporter-output>
  <suite started-at="2025-01-20T16:35:32 IST" name="Test suite" finished-at="2025-01-20T16:35:32 IST" duration-ms="45">
    <groups>
      <group name="TeamAvengers">
        <method signature="Testgroup.Avengers()[pri:0, instance:TestNGTests.Testgroup@7d8995e]" name="Avengers" class="TestNGTests.Testgroup"/>
        <method signature="Testgroup.Avengers2()[pri:0, instance:TestNGTests.Testgroup@7d8995e]" name="Avengers2" class="TestNGTests.Testgroup"/>
        <method signature="Testgroup.Avengers3()[pri:0, instance:TestNGTests.Testgroup@7d8995e]" name="Avengers3" class="TestNGTests.Testgroup"/>
      </group> <!-- TeamAvengers -->
    </groups>
    <test started-at="2025-01-20T16:35:32 IST" name="Test modules" finished-at="2025-01-20T16:35:32 IST" duration-ms="45">
      <class name="TestNGTests.Testgroup">
        <test-method signature="Avengers()[pri:0, instance:TestNGTests.Testgroup@7d8995e]" started-at="2025-01-20T16:35:32 IST" name="Avengers" finished-at="2025-01-20T16:35:32 IST" duration-ms="10" status="PASS">
          <reporter-output>
          </reporter-output>
        </test-method> <!-- Avengers -->
        <test-method signature="Avengers2()[pri:0, instance:TestNGTests.Testgroup@7d8995e]" started-at="2025-01-20T16:35:32 IST" name="Avengers2" finished-at="2025-01-20T16:35:32 IST" duration-ms="1" status="PASS">
          <reporter-output>
          </reporter-output>
        </test-method> <!-- Avengers2 -->
        <test-method signature="Avengers3()[pri:0, instance:TestNGTests.Testgroup@7d8995e]" started-at="2025-01-20T16:35:32 IST" name="Avengers3" finished-at="2025-01-20T16:35:32 IST" duration-ms="1" status="PASS">
          <reporter-output>
          </reporter-output>
        </test-method> <!-- Avengers3 -->
      </class> <!-- TestNGTests.Testgroup -->
    </test> <!-- Test modules -->
  </suite> <!-- Test suite -->
</testng-results>
