<?xml version="1.0" encoding="UTF-8"?>
<!-- Generated by org.testng.reporters.JUnitXMLReporter -->
<testsuite ignored="3" hostname="G15" failures="0" tests="3" name="Test modules" time="0.045" errors="0" timestamp="2025-01-20T16:35:32 IST">
  <testcase classname="TestNGTests.Testgroup" name="Avengers" time="0.01"/>
  <testcase classname="TestNGTests.Testgroup" name="Avengers2" time="0.001"/>
  <testcase classname="TestNGTests.Testgroup" name="Avengers3" time="0.001"/>
  <testcase classname="TestNGTests.Testgroup" name="Xman3" time="0.0">
    <ignored/>
  </testcase> <!-- Xman3 -->
  <testcase classname="TestNGTests.Testgroup" name="Xman2" time="0.0">
    <ignored/>
  </testcase> <!-- Xman2 -->
  <testcase classname="TestNGTests.Testgroup" name="Xman" time="0.0">
    <ignored/>
  </testcase> <!-- Xman -->
</testsuite> <!-- Test modules -->
